
                        DC Professional (TM)
                           DC Expert (TM)
                            DC Ultra (TM)
                       FloorPlan Manager (TM)
                          HDL Compiler (TM)
                         VHDL Compiler (TM)
                        Library Compiler (TM)
                      DesignWare Developer (TM)
                          DFT Compiler (TM)
                            BSD Compiler
                         Power Compiler (TM)

           Version B-2008.09-SP3 for amd64 -- Jan 19, 2009
              Copyright (c) 1988-2008 by Synopsys, Inc.
                         ALL RIGHTS RESERVED

This software and the associated documentation are confidential and 
proprietary to Synopsys, Inc. Your use or disclosure of this software 
is subject to the terms and conditions of a written license agreement 
between you, or your company, and Synopsys, Inc.

The above trademark notice does not imply that you are licensed to use 
all of the listed products. You are licensed to use only those products 
for which you have lawfully obtained a valid license key.

Initializing...
echo "********** CS552 Reading files begin ********************"
********** CS552 Reading files begin ********************
set my_verilog_files [list dff.v reg16.v reg64.v counter4.v fifo.v   ]
dff.v reg16.v reg64.v counter4.v fifo.v
set my_toplevel fifo
fifo
define_design_lib WORK -path ./WORK
1
analyze -f verilog $my_verilog_files
Running PRESTO HDLC
Searching for ./dff.v
Searching for ./reg16.v
Searching for ./reg64.v
Searching for ./counter4.v
Searching for ./fifo.v
Compiling source file ./dff.v
Warning:  ./dff.v:15: delays for continuous assignment are ignored. (VER-173)
Compiling source file ./reg16.v
Compiling source file ./reg64.v
Compiling source file ./counter4.v
Compiling source file ./fifo.v
Warning:  ./fifo.v:119: Redundant digits given in number 00. (VER-1)
Presto compilation completed successfully.
Loading db file '/u/k/a/karu/courses/cs552/cad/Synopsys_Libraries/libs/gscl45nm.db'
1
elaborate $my_toplevel -architecture verilog
Loading db file '/s/synopsys-2009_03_09/@sys/B-2008.09-SP3/libraries/syn/gtech.db'
Loading db file '/s/synopsys-2009_03_09/@sys/B-2008.09-SP3/libraries/syn/standard.sldb'
  Loading link library 'gscl45nm'
  Loading link library 'gtech'
Running PRESTO HDLC
Warning:  ./fifo.v:85: DEFAULT branch of CASE statement cannot be reached. (ELAB-311)
Warning:  ./fifo.v:133: DEFAULT branch of CASE statement cannot be reached. (ELAB-311)

Statistics for case statements in always block at line 64 in file
	'./fifo.v'
===============================================
|           Line           |  full/ parallel  |
===============================================
|            75            |    auto/auto     |
|            81            |    auto/auto     |
|            85            |    auto/auto     |
|           112            |    auto/auto     |
|           130            |    auto/auto     |
|           133            |    auto/auto     |
|           170            |    auto/auto     |
===============================================
Presto compilation completed successfully.
Elaborated 1 design.
Current design is now 'fifo'.
Information: Building the design 'counter4'. (HDL-193)
Warning:  ./counter4.v:18: DEFAULT branch of CASE statement cannot be reached. (ELAB-311)

Statistics for case statements in always block at line 13 in file
	'./counter4.v'
===============================================
|           Line           |  full/ parallel  |
===============================================
|            16            |    auto/auto     |
|            18            |    auto/auto     |
===============================================
Presto compilation completed successfully.
Information: Building the design 'reg64'. (HDL-193)
Presto compilation completed successfully.
Information: Building the design 'dff'. (HDL-193)

Inferred memory devices in process
	in routine dff line 17 in file
		'./dff.v'.
===============================================================================
|    Register Name    |   Type    | Width | Bus | MB | AR | AS | SR | SS | ST |
===============================================================================
|      state_reg      | Flip-flop |   1   |  N  | N  | N  | N  | N  | N  | N  |
===============================================================================
Presto compilation completed successfully.
Information: Building the design 'reg16'. (HDL-193)
Presto compilation completed successfully.
1
echo "********** CS552 Reading files end ********************"
********** CS552 Reading files end ********************
current_design $my_toplevel
Current design is 'fifo'.
{fifo}
#/* The name of the clock pin. If no clock-pin     */
#/* exists, pick anything                          */
set my_clock_pin clk
clk
#/* Target frequency in MHz for optimization       */
set my_clk_freq_MHz 1000
1000
#/* Delay of input signals (Clock-to-Q, Package etc.)  */
set my_input_delay_ns 0.1
0.1
#/* Reserved time for output signals (Holdtime etc.)   */
set my_output_delay_ns 0.1
0.1
#/**************************************************/
#/* No modifications needed below                  */
#/**************************************************/
set verilogout_show_unconnected_pins "true"
true
# analyze -f verilog $my_verilog_files
# elaborate $my_toplevel -architecture verilog
# current_design $my_toplevel
report_hierarchy 
 
****************************************
Report : hierarchy
Design : fifo
Version: B-2008.09-SP3
Date   : Sun Mar 13 15:53:13 2016
****************************************

Information: This design contains unmapped logic. (RPT-7)

fifo
    GTECH_AND2                               gtech
    GTECH_BUF                                gtech
    GTECH_NOT                                gtech
    GTECH_OR2                                gtech
    counter4
        GTECH_AND2                           gtech
        GTECH_BUF                            gtech
        GTECH_NOT                            gtech
        GTECH_OR2                            gtech
        dff
            GTECH_BUF                        gtech
            GTECH_NOT                        gtech
    dff
        ...
    reg64
        reg16
            GTECH_BUF                        gtech
            GTECH_NOT                        gtech
            dff
                ...
1
link

  Linking design 'fifo'
  Using the following designs and libraries:
  --------------------------------------------------------------------------
  gscl45nm (library)          /u/k/a/karu/courses/cs552/cad/Synopsys_Libraries/libs/gscl45nm.db

1
uniquify
Removing uniquified design 'counter4'.
Removing uniquified design 'reg64'.
Removing uniquified design 'dff'.
Removing uniquified design 'reg16'.
  Uniquified 2 instances of design 'counter4'.
  Uniquified 4 instances of design 'reg64'.
  Uniquified 262 instances of design 'dff'.
  Uniquified 16 instances of design 'reg16'.
1
set my_period [expr 1000 / $my_clk_freq_MHz]
1
set find_clock [ find port [list $my_clock_pin] ]
{clk}
if {  $find_clock != [list] } {
   set clk_name $my_clock_pin
   create_clock -period $my_period $clk_name
} else {
   set clk_name vclk
   create_clock -period $my_period -name $clk_name
} 
1
set_driving_cell  -lib_cell INVX1  [all_inputs]
Warning: Design rule attributes from the driving cell will be
	set on the port. (UID-401)
Warning: Design rule attributes from the driving cell will be
	set on the port. (UID-401)
Warning: Design rule attributes from the driving cell will be
	set on the port. (UID-401)
Warning: Design rule attributes from the driving cell will be
	set on the port. (UID-401)
Warning: Design rule attributes from the driving cell will be
	set on the port. (UID-401)
Warning: Design rule attributes from the driving cell will be
	set on the port. (UID-401)
Warning: Design rule attributes from the driving cell will be
	set on the port. (UID-401)
Warning: Design rule attributes from the driving cell will be
	set on the port. (UID-401)
Warning: Design rule attributes from the driving cell will be
	set on the port. (UID-401)
Warning: Design rule attributes from the driving cell will be
	set on the port. (UID-401)
Warning: Design rule attributes from the driving cell will be
	set on the port. (UID-401)
Warning: Design rule attributes from the driving cell will be
	set on the port. (UID-401)
Warning: Design rule attributes from the driving cell will be
	set on the port. (UID-401)
Warning: Design rule attributes from the driving cell will be
	set on the port. (UID-401)
Warning: Design rule attributes from the driving cell will be
	set on the port. (UID-401)
Warning: Design rule attributes from the driving cell will be
	set on the port. (UID-401)
Warning: Design rule attributes from the driving cell will be
	set on the port. (UID-401)
Warning: Design rule attributes from the driving cell will be
	set on the port. (UID-401)
Warning: Design rule attributes from the driving cell will be
	set on the port. (UID-401)
Warning: Design rule attributes from the driving cell will be
	set on the port. (UID-401)
Warning: Design rule attributes from the driving cell will be
	set on the port. (UID-401)
Warning: Design rule attributes from the driving cell will be
	set on the port. (UID-401)
Warning: Design rule attributes from the driving cell will be
	set on the port. (UID-401)
Warning: Design rule attributes from the driving cell will be
	set on the port. (UID-401)
Warning: Design rule attributes from the driving cell will be
	set on the port. (UID-401)
Warning: Design rule attributes from the driving cell will be
	set on the port. (UID-401)
Warning: Design rule attributes from the driving cell will be
	set on the port. (UID-401)
Warning: Design rule attributes from the driving cell will be
	set on the port. (UID-401)
Warning: Design rule attributes from the driving cell will be
	set on the port. (UID-401)
Warning: Design rule attributes from the driving cell will be
	set on the port. (UID-401)
Warning: Design rule attributes from the driving cell will be
	set on the port. (UID-401)
Warning: Design rule attributes from the driving cell will be
	set on the port. (UID-401)
Warning: Design rule attributes from the driving cell will be
	set on the port. (UID-401)
Warning: Design rule attributes from the driving cell will be
	set on the port. (UID-401)
Warning: Design rule attributes from the driving cell will be
	set on the port. (UID-401)
Warning: Design rule attributes from the driving cell will be
	set on the port. (UID-401)
Warning: Design rule attributes from the driving cell will be
	set on the port. (UID-401)
Warning: Design rule attributes from the driving cell will be
	set on the port. (UID-401)
Warning: Design rule attributes from the driving cell will be
	set on the port. (UID-401)
Warning: Design rule attributes from the driving cell will be
	set on the port. (UID-401)
Warning: Design rule attributes from the driving cell will be
	set on the port. (UID-401)
Warning: Design rule attributes from the driving cell will be
	set on the port. (UID-401)
Warning: Design rule attributes from the driving cell will be
	set on the port. (UID-401)
Warning: Design rule attributes from the driving cell will be
	set on the port. (UID-401)
Warning: Design rule attributes from the driving cell will be
	set on the port. (UID-401)
Warning: Design rule attributes from the driving cell will be
	set on the port. (UID-401)
Warning: Design rule attributes from the driving cell will be
	set on the port. (UID-401)
Warning: Design rule attributes from the driving cell will be
	set on the port. (UID-401)
Warning: Design rule attributes from the driving cell will be
	set on the port. (UID-401)
Warning: Design rule attributes from the driving cell will be
	set on the port. (UID-401)
Warning: Design rule attributes from the driving cell will be
	set on the port. (UID-401)
Warning: Design rule attributes from the driving cell will be
	set on the port. (UID-401)
Warning: Design rule attributes from the driving cell will be
	set on the port. (UID-401)
Warning: Design rule attributes from the driving cell will be
	set on the port. (UID-401)
Warning: Design rule attributes from the driving cell will be
	set on the port. (UID-401)
Warning: Design rule attributes from the driving cell will be
	set on the port. (UID-401)
Warning: Design rule attributes from the driving cell will be
	set on the port. (UID-401)
Warning: Design rule attributes from the driving cell will be
	set on the port. (UID-401)
Warning: Design rule attributes from the driving cell will be
	set on the port. (UID-401)
Warning: Design rule attributes from the driving cell will be
	set on the port. (UID-401)
Warning: Design rule attributes from the driving cell will be
	set on the port. (UID-401)
Warning: Design rule attributes from the driving cell will be
	set on the port. (UID-401)
Warning: Design rule attributes from the driving cell will be
	set on the port. (UID-401)
Warning: Design rule attributes from the driving cell will be
	set on the port. (UID-401)
Warning: Design rule attributes from the driving cell will be
	set on the port. (UID-401)
Warning: Design rule attributes from the driving cell will be
	set on the port. (UID-401)
Warning: Design rule attributes from the driving cell will be
	set on the port. (UID-401)
Warning: Design rule attributes from the driving cell will be
	set on the port. (UID-401)
1
set_input_delay $my_input_delay_ns -clock $clk_name [remove_from_collection [all_inputs] $my_clock_pin]
1
set_output_delay $my_output_delay_ns -clock $clk_name [all_outputs]
1
compile -map_effort low  -area_effort low
Warning: The compile -map_effort low is obsolete. Setting this variable now defaults to compile -map_effort medium. Please update your script accordingly. (OPT-1303)
Warning: Setting attribute 'fix_multiple_port_nets' on design 'fifo'. (UIO-59)
Information: Evaluating DesignWare library utilization. (UISN-27)

============================================================================
| DesignWare Building Block Library       |      Version       | Available |
============================================================================
| Basic DW Building Blocks                | B-2008.09-DWBB_0901
                                                               |     *     |
| Licensed DW Building Blocks             |                    |           |
============================================================================


Information: There are 3 potential problems in your design. Please run 'check_design' for more information. (LINT-99)



  Beginning Pass 1 Mapping
  ------------------------
  Processing 'dff_260'
  Processing 'reg16_0'
  Processing 'reg64_0'
  Processing 'counter4_0'
  Processing 'fifo'

  Updating timing information
Information: Updating design information... (UID-85)

  Beginning Mapping Optimizations  (Medium effort)
  -------------------------------

  Beginning Delay Optimization Phase
  ----------------------------------

   ELAPSED            WORST NEG TOTAL NEG  DESIGN                            
    TIME      AREA      SLACK     SLACK   RULE COST         ENDPOINT         
  --------- --------- --------- --------- --------- -------------------------
    0:00:01    5749.9      0.00       0.0       1.5                          


  Beginning Design Rule Fixing  (max_capacitance)
  ----------------------------

   ELAPSED            WORST NEG TOTAL NEG  DESIGN                            
    TIME      AREA      SLACK     SLACK   RULE COST         ENDPOINT         
  --------- --------- --------- --------- --------- -------------------------
    0:00:01    5749.9      0.00       0.0       1.5                          
    0:00:02    6552.8      0.00       0.0       1.1 reg1/r0/d3/N3            
    0:00:02    7284.9      0.00       0.0       0.8 reg2/r2/n31              
    0:00:03    7953.2      0.00       0.0       0.6 n83                      
    0:00:03    7900.7      0.00       0.0       0.6 reg3/r0/n34              
    0:00:06    7895.0      0.00       0.0       0.6                          


  Beginning Area-Recovery Phase  (cleanup)
  -----------------------------

   ELAPSED            WORST NEG TOTAL NEG  DESIGN                            
    TIME      AREA      SLACK     SLACK   RULE COST         ENDPOINT         
  --------- --------- --------- --------- --------- -------------------------
    0:00:06    7895.0      0.00       0.0       0.6                          
    0:00:06    7895.0      0.00       0.0       0.6                          
    0:00:06    6905.3      0.00       0.0       0.6                          
    0:00:06    6657.0      0.00       0.0       0.6                          
    0:00:06    6618.1      0.00       0.0       0.6                          
    0:00:06    6581.5      0.00       0.0       0.6                          
    0:00:06    6543.9      0.00       0.0       0.6                          
    0:00:06    6524.2      0.00       0.0       0.6                          
    0:00:06    6524.2      0.00       0.0       0.6                          
    0:00:06    6524.2      0.00       0.0       0.6                          
    0:00:06    6372.6      0.00       0.0       0.6                          
    0:00:06    6370.3      0.00       0.0       0.6                          
    0:00:06    6370.3      0.00       0.0       0.6                          
    0:00:06    6370.3      0.00       0.0       0.6                          
    0:00:06    6370.3      0.00       0.0       0.6                          
    0:00:06    6370.3      0.00       0.0       0.6                          
    0:00:06    6370.3      0.00       0.0       0.6                          
    0:00:06    6370.3      0.00       0.0       0.6                          
Loading db file '/u/k/a/karu/courses/cs552/cad/Synopsys_Libraries/libs/gscl45nm.db'

  Optimization Complete
  ---------------------
1
check_design -summary
Warning: In design 'counter4_1', there is 1 output port connected directly to power or ground. (LINT-30)
Warning: In design 'counter4_0', there is 1 output port connected directly to power or ground. (LINT-30)

Information: Use the 'check_design' command for 
	 more information about warnings. (LINT-98)

1
report_constraint -all_violators
Information: Updating design information... (UID-85)
 
****************************************
Report : constraint
        -all_violators
Design : fifo
Version: B-2008.09-SP3
Date   : Sun Mar 13 15:53:20 2016
****************************************


   max_capacitance

                             Required        Actual
   Net                      Capacitance    Capacitance       Slack
   -----------------------------------------------------------------
   n19                          0.00           0.00           0.00  (VIOLATED: increase signficant digits)
   n21                          0.00           0.00           0.00  (VIOLATED: increase signficant digits)
   n24                          0.00           0.00           0.00  (VIOLATED: increase signficant digits)
   n30                          0.00           0.00           0.00  (VIOLATED: increase signficant digits)
   n31                          0.00           0.00           0.00  (VIOLATED: increase signficant digits)
   n34                          0.00           0.00           0.00  (VIOLATED: increase signficant digits)
   n35                          0.00           0.00           0.00  (VIOLATED: increase signficant digits)
   n36                          0.00           0.00           0.00  (VIOLATED: increase signficant digits)
   n37                          0.00           0.00           0.00  (VIOLATED: increase signficant digits)
   n38                          0.00           0.00           0.00  (VIOLATED: increase signficant digits)
   n39                          0.00           0.00           0.00  (VIOLATED: increase signficant digits)
   n40                          0.00           0.00           0.00  (VIOLATED: increase signficant digits)
   n41                          0.00           0.00           0.00  (VIOLATED: increase signficant digits)
   n42                          0.00           0.00           0.00  (VIOLATED: increase signficant digits)
   n43                          0.00           0.00           0.00  (VIOLATED: increase signficant digits)
   n44                          0.00           0.00           0.00  (VIOLATED: increase signficant digits)
   n45                          0.00           0.00           0.00  (VIOLATED: increase signficant digits)
   n46                          0.00           0.00           0.00  (VIOLATED: increase signficant digits)
   n47                          0.00           0.00           0.00  (VIOLATED: increase signficant digits)
   n48                          0.00           0.00           0.00  (VIOLATED: increase signficant digits)
   n49                          0.00           0.00           0.00  (VIOLATED: increase signficant digits)
   n50                          0.00           0.00           0.00  (VIOLATED: increase signficant digits)
   n51                          0.00           0.00           0.00  (VIOLATED: increase signficant digits)
   n52                          0.00           0.00           0.00  (VIOLATED: increase signficant digits)
   n53                          0.00           0.00           0.00  (VIOLATED: increase signficant digits)
   n54                          0.00           0.00           0.00  (VIOLATED: increase signficant digits)
   n55                          0.00           0.00           0.00  (VIOLATED: increase signficant digits)
   n56                          0.00           0.00           0.00  (VIOLATED: increase signficant digits)
   n57                          0.00           0.00           0.00  (VIOLATED: increase signficant digits)
   n58                          0.00           0.00           0.00  (VIOLATED: increase signficant digits)
   n59                          0.00           0.00           0.00  (VIOLATED: increase signficant digits)
   n60                          0.00           0.00           0.00  (VIOLATED: increase signficant digits)
   n61                          0.00           0.00           0.00  (VIOLATED: increase signficant digits)
   n62                          0.00           0.00           0.00  (VIOLATED: increase signficant digits)
   n63                          0.00           0.00           0.00  (VIOLATED: increase signficant digits)
   n64                          0.00           0.00           0.00  (VIOLATED: increase signficant digits)
   n65                          0.00           0.00           0.00  (VIOLATED: increase signficant digits)
   n66                          0.00           0.00           0.00  (VIOLATED: increase signficant digits)
   n67                          0.00           0.00           0.00  (VIOLATED: increase signficant digits)
   n68                          0.00           0.00           0.00  (VIOLATED: increase signficant digits)
   n69                          0.00           0.00           0.00  (VIOLATED: increase signficant digits)
   n70                          0.00           0.00           0.00  (VIOLATED: increase signficant digits)
   n71                          0.00           0.00           0.00  (VIOLATED: increase signficant digits)
   n72                          0.00           0.00           0.00  (VIOLATED: increase signficant digits)
   n73                          0.00           0.00           0.00  (VIOLATED: increase signficant digits)
   n74                          0.00           0.00           0.00  (VIOLATED: increase signficant digits)
   n75                          0.00           0.00           0.00  (VIOLATED: increase signficant digits)
   n76                          0.00           0.00           0.00  (VIOLATED: increase signficant digits)
   n77                          0.00           0.00           0.00  (VIOLATED: increase signficant digits)
   n78                          0.00           0.00           0.00  (VIOLATED: increase signficant digits)
   n79                          0.00           0.00           0.00  (VIOLATED: increase signficant digits)
   n80                          0.00           0.00           0.00  (VIOLATED: increase signficant digits)
   n81                          0.00           0.00           0.00  (VIOLATED: increase signficant digits)
   n82                          0.00           0.00           0.00  (VIOLATED: increase signficant digits)
   n83                          0.00           0.00           0.00  (VIOLATED: increase signficant digits)
   n84                          0.00           0.00           0.00  (VIOLATED: increase signficant digits)
   n85                          0.00           0.00           0.00  (VIOLATED: increase signficant digits)
   n86                          0.00           0.00           0.00  (VIOLATED: increase signficant digits)
   n87                          0.00           0.00           0.00  (VIOLATED: increase signficant digits)
   n88                          0.00           0.00           0.00  (VIOLATED: increase signficant digits)
   n89                          0.00           0.00           0.00  (VIOLATED: increase signficant digits)
   n90                          0.00           0.00           0.00  (VIOLATED: increase signficant digits)
   n91                          0.00           0.00           0.00  (VIOLATED: increase signficant digits)
   n92                          0.00           0.00           0.00  (VIOLATED: increase signficant digits)
   n93                          0.00           0.00           0.00  (VIOLATED: increase signficant digits)
   n94                          0.00           0.00           0.00  (VIOLATED: increase signficant digits)
   n95                          0.00           0.00           0.00  (VIOLATED: increase signficant digits)
   n96                          0.00           0.00           0.00  (VIOLATED: increase signficant digits)
   n97                          0.00           0.00           0.00  (VIOLATED: increase signficant digits)
   n98                          0.00           0.00           0.00  (VIOLATED: increase signficant digits)
   n99                          0.00           0.00           0.00  (VIOLATED: increase signficant digits)
   n100                         0.00           0.00           0.00  (VIOLATED: increase signficant digits)
   n101                         0.00           0.00           0.00  (VIOLATED: increase signficant digits)
   n102                         0.00           0.00           0.00  (VIOLATED: increase signficant digits)
   n103                         0.00           0.00           0.00  (VIOLATED: increase signficant digits)
   n104                         0.00           0.00           0.00  (VIOLATED: increase signficant digits)
   n105                         0.00           0.00           0.00  (VIOLATED: increase signficant digits)
   n106                         0.00           0.00           0.00  (VIOLATED: increase signficant digits)
   n107                         0.00           0.00           0.00  (VIOLATED: increase signficant digits)
   n108                         0.00           0.00           0.00  (VIOLATED: increase signficant digits)
   n109                         0.00           0.00           0.00  (VIOLATED: increase signficant digits)
   n110                         0.00           0.00           0.00  (VIOLATED: increase signficant digits)
   n111                         0.00           0.00           0.00  (VIOLATED: increase signficant digits)
   n112                         0.00           0.00           0.00  (VIOLATED: increase signficant digits)
   n113                         0.00           0.00           0.00  (VIOLATED: increase signficant digits)
   n114                         0.00           0.00           0.00  (VIOLATED: increase signficant digits)
   n115                         0.00           0.00           0.00  (VIOLATED: increase signficant digits)
   n116                         0.00           0.00           0.00  (VIOLATED: increase signficant digits)
   n117                         0.00           0.00           0.00  (VIOLATED: increase signficant digits)
   n118                         0.00           0.00           0.00  (VIOLATED: increase signficant digits)
   n119                         0.00           0.00           0.00  (VIOLATED: increase signficant digits)
   n120                         0.00           0.00           0.00  (VIOLATED: increase signficant digits)
   n121                         0.00           0.00           0.00  (VIOLATED: increase signficant digits)
   n122                         0.00           0.00           0.00  (VIOLATED: increase signficant digits)
   n123                         0.00           0.00           0.00  (VIOLATED: increase signficant digits)
   n124                         0.00           0.00           0.00  (VIOLATED: increase signficant digits)
   n125                         0.00           0.00           0.00  (VIOLATED: increase signficant digits)
   n126                         0.00           0.00           0.00  (VIOLATED: increase signficant digits)
   n127                         0.00           0.00           0.00  (VIOLATED: increase signficant digits)
   n128                         0.00           0.00           0.00  (VIOLATED: increase signficant digits)
   n129                         0.00           0.00           0.00  (VIOLATED: increase signficant digits)
   n130                         0.00           0.00           0.00  (VIOLATED: increase signficant digits)
   n131                         0.00           0.00           0.00  (VIOLATED: increase signficant digits)
   n132                         0.00           0.00           0.00  (VIOLATED: increase signficant digits)
   n133                         0.00           0.00           0.00  (VIOLATED: increase signficant digits)
   n134                         0.00           0.00           0.00  (VIOLATED: increase signficant digits)
   n135                         0.00           0.00           0.00  (VIOLATED: increase signficant digits)
   n136                         0.00           0.00           0.00  (VIOLATED: increase signficant digits)
   n137                         0.00           0.00           0.00  (VIOLATED: increase signficant digits)
   n138                         0.00           0.00           0.00  (VIOLATED: increase signficant digits)
   n139                         0.00           0.00           0.00  (VIOLATED: increase signficant digits)
   n140                         0.00           0.00           0.00  (VIOLATED: increase signficant digits)
   n141                         0.00           0.00           0.00  (VIOLATED: increase signficant digits)
   n142                         0.00           0.00           0.00  (VIOLATED: increase signficant digits)
   n143                         0.00           0.00           0.00  (VIOLATED: increase signficant digits)
   n144                         0.00           0.00           0.00  (VIOLATED: increase signficant digits)
   n145                         0.00           0.00           0.00  (VIOLATED: increase signficant digits)
   n146                         0.00           0.00           0.00  (VIOLATED: increase signficant digits)
   n147                         0.00           0.00           0.00  (VIOLATED: increase signficant digits)
   n148                         0.00           0.00           0.00  (VIOLATED: increase signficant digits)
   n149                         0.00           0.00           0.00  (VIOLATED: increase signficant digits)
   n150                         0.00           0.00           0.00  (VIOLATED: increase signficant digits)
   n151                         0.00           0.00           0.00  (VIOLATED: increase signficant digits)
   n152                         0.00           0.00           0.00  (VIOLATED: increase signficant digits)
   n153                         0.00           0.00           0.00  (VIOLATED: increase signficant digits)
   n154                         0.00           0.00           0.00  (VIOLATED: increase signficant digits)
   n155                         0.00           0.00           0.00  (VIOLATED: increase signficant digits)
   n156                         0.00           0.00           0.00  (VIOLATED: increase signficant digits)
   n157                         0.00           0.00           0.00  (VIOLATED: increase signficant digits)
   n158                         0.00           0.00           0.00  (VIOLATED: increase signficant digits)
   n159                         0.00           0.00           0.00  (VIOLATED: increase signficant digits)
   readPtrEN                    0.00           0.00           0.00  (VIOLATED: increase signficant digits)
   reg0/r0/n19                  0.00           0.00           0.00  (VIOLATED: increase signficant digits)
   reg0/r0/n20                  0.00           0.00           0.00  (VIOLATED: increase signficant digits)
   reg0/r0/n21                  0.00           0.00           0.00  (VIOLATED: increase signficant digits)
   reg0/r0/n22                  0.00           0.00           0.00  (VIOLATED: increase signficant digits)
   reg0/r0/n23                  0.00           0.00           0.00  (VIOLATED: increase signficant digits)
   reg0/r0/n24                  0.00           0.00           0.00  (VIOLATED: increase signficant digits)
   reg0/r0/n25                  0.00           0.00           0.00  (VIOLATED: increase signficant digits)
   reg0/r0/n26                  0.00           0.00           0.00  (VIOLATED: increase signficant digits)
   reg0/r0/n27                  0.00           0.00           0.00  (VIOLATED: increase signficant digits)
   reg0/r0/n28                  0.00           0.00           0.00  (VIOLATED: increase signficant digits)
   reg0/r0/n29                  0.00           0.00           0.00  (VIOLATED: increase signficant digits)
   reg0/r0/n30                  0.00           0.00           0.00  (VIOLATED: increase signficant digits)
   reg0/r0/n31                  0.00           0.00           0.00  (VIOLATED: increase signficant digits)
   reg0/r0/n32                  0.00           0.00           0.00  (VIOLATED: increase signficant digits)
   reg0/r0/n33                  0.00           0.00           0.00  (VIOLATED: increase signficant digits)
   reg0/r0/n34                  0.00           0.00           0.00  (VIOLATED: increase signficant digits)
   reg0/r1/n55                  0.00           0.00           0.00  (VIOLATED: increase signficant digits)
   reg0/r1/n56                  0.00           0.00           0.00  (VIOLATED: increase signficant digits)
   reg0/r1/n57                  0.00           0.00           0.00  (VIOLATED: increase signficant digits)
   reg0/r1/n58                  0.00           0.00           0.00  (VIOLATED: increase signficant digits)
   reg0/r1/n59                  0.00           0.00           0.00  (VIOLATED: increase signficant digits)
   reg0/r1/n60                  0.00           0.00           0.00  (VIOLATED: increase signficant digits)
   reg0/r1/n61                  0.00           0.00           0.00  (VIOLATED: increase signficant digits)
   reg0/r1/n62                  0.00           0.00           0.00  (VIOLATED: increase signficant digits)
   reg0/r1/n63                  0.00           0.00           0.00  (VIOLATED: increase signficant digits)
   reg0/r1/n64                  0.00           0.00           0.00  (VIOLATED: increase signficant digits)
   reg0/r1/n65                  0.00           0.00           0.00  (VIOLATED: increase signficant digits)
   reg0/r1/n66                  0.00           0.00           0.00  (VIOLATED: increase signficant digits)
   reg0/r1/n67                  0.00           0.00           0.00  (VIOLATED: increase signficant digits)
   reg0/r1/n68                  0.00           0.00           0.00  (VIOLATED: increase signficant digits)
   reg0/r1/n69                  0.00           0.00           0.00  (VIOLATED: increase signficant digits)
   reg0/r1/n70                  0.00           0.00           0.00  (VIOLATED: increase signficant digits)
   reg0/r2/n55                  0.00           0.00           0.00  (VIOLATED: increase signficant digits)
   reg0/r2/n56                  0.00           0.00           0.00  (VIOLATED: increase signficant digits)
   reg0/r2/n57                  0.00           0.00           0.00  (VIOLATED: increase signficant digits)
   reg0/r2/n58                  0.00           0.00           0.00  (VIOLATED: increase signficant digits)
   reg0/r2/n59                  0.00           0.00           0.00  (VIOLATED: increase signficant digits)
   reg0/r2/n60                  0.00           0.00           0.00  (VIOLATED: increase signficant digits)
   reg0/r2/n61                  0.00           0.00           0.00  (VIOLATED: increase signficant digits)
   reg0/r2/n62                  0.00           0.00           0.00  (VIOLATED: increase signficant digits)
   reg0/r2/n63                  0.00           0.00           0.00  (VIOLATED: increase signficant digits)
   reg0/r2/n64                  0.00           0.00           0.00  (VIOLATED: increase signficant digits)
   reg0/r2/n65                  0.00           0.00           0.00  (VIOLATED: increase signficant digits)
   reg0/r2/n66                  0.00           0.00           0.00  (VIOLATED: increase signficant digits)
   reg0/r2/n67                  0.00           0.00           0.00  (VIOLATED: increase signficant digits)
   reg0/r2/n68                  0.00           0.00           0.00  (VIOLATED: increase signficant digits)
   reg0/r2/n69                  0.00           0.00           0.00  (VIOLATED: increase signficant digits)
   reg0/r2/n70                  0.00           0.00           0.00  (VIOLATED: increase signficant digits)
   reg0/r3/n53                  0.00           0.00           0.00  (VIOLATED: increase signficant digits)
   reg0/r3/n54                  0.00           0.00           0.00  (VIOLATED: increase signficant digits)
   reg0/r3/n55                  0.00           0.00           0.00  (VIOLATED: increase signficant digits)
   reg0/r3/n56                  0.00           0.00           0.00  (VIOLATED: increase signficant digits)
   reg0/r3/n57                  0.00           0.00           0.00  (VIOLATED: increase signficant digits)
   reg0/r3/n58                  0.00           0.00           0.00  (VIOLATED: increase signficant digits)
   reg0/r3/n59                  0.00           0.00           0.00  (VIOLATED: increase signficant digits)
   reg0/r3/n60                  0.00           0.00           0.00  (VIOLATED: increase signficant digits)
   reg0/r3/n61                  0.00           0.00           0.00  (VIOLATED: increase signficant digits)
   reg0/r3/n62                  0.00           0.00           0.00  (VIOLATED: increase signficant digits)
   reg0/r3/n63                  0.00           0.00           0.00  (VIOLATED: increase signficant digits)
   reg0/r3/n64                  0.00           0.00           0.00  (VIOLATED: increase signficant digits)
   reg0/r3/n65                  0.00           0.00           0.00  (VIOLATED: increase signficant digits)
   reg0/r3/n66                  0.00           0.00           0.00  (VIOLATED: increase signficant digits)
   reg0/r3/n67                  0.00           0.00           0.00  (VIOLATED: increase signficant digits)
   reg0/r3/n68                  0.00           0.00           0.00  (VIOLATED: increase signficant digits)
   reg1/r0/n54                  0.00           0.00           0.00  (VIOLATED: increase signficant digits)
   reg1/r0/n55                  0.00           0.00           0.00  (VIOLATED: increase signficant digits)
   reg1/r0/n56                  0.00           0.00           0.00  (VIOLATED: increase signficant digits)
   reg1/r0/n57                  0.00           0.00           0.00  (VIOLATED: increase signficant digits)
   reg1/r0/n58                  0.00           0.00           0.00  (VIOLATED: increase signficant digits)
   reg1/r0/n59                  0.00           0.00           0.00  (VIOLATED: increase signficant digits)
   reg1/r0/n60                  0.00           0.00           0.00  (VIOLATED: increase signficant digits)
   reg1/r0/n61                  0.00           0.00           0.00  (VIOLATED: increase signficant digits)
   reg1/r0/n62                  0.00           0.00           0.00  (VIOLATED: increase signficant digits)
   reg1/r0/n63                  0.00           0.00           0.00  (VIOLATED: increase signficant digits)
   reg1/r0/n64                  0.00           0.00           0.00  (VIOLATED: increase signficant digits)
   reg1/r0/n65                  0.00           0.00           0.00  (VIOLATED: increase signficant digits)
   reg1/r0/n66                  0.00           0.00           0.00  (VIOLATED: increase signficant digits)
   reg1/r0/n67                  0.00           0.00           0.00  (VIOLATED: increase signficant digits)
   reg1/r0/n68                  0.00           0.00           0.00  (VIOLATED: increase signficant digits)
   reg1/r0/n69                  0.00           0.00           0.00  (VIOLATED: increase signficant digits)
   reg1/r1/n54                  0.00           0.00           0.00  (VIOLATED: increase signficant digits)
   reg1/r1/n55                  0.00           0.00           0.00  (VIOLATED: increase signficant digits)
   reg1/r1/n56                  0.00           0.00           0.00  (VIOLATED: increase signficant digits)
   reg1/r1/n57                  0.00           0.00           0.00  (VIOLATED: increase signficant digits)
   reg1/r1/n58                  0.00           0.00           0.00  (VIOLATED: increase signficant digits)
   reg1/r1/n59                  0.00           0.00           0.00  (VIOLATED: increase signficant digits)
   reg1/r1/n60                  0.00           0.00           0.00  (VIOLATED: increase signficant digits)
   reg1/r1/n61                  0.00           0.00           0.00  (VIOLATED: increase signficant digits)
   reg1/r1/n62                  0.00           0.00           0.00  (VIOLATED: increase signficant digits)
   reg1/r1/n63                  0.00           0.00           0.00  (VIOLATED: increase signficant digits)
   reg1/r1/n64                  0.00           0.00           0.00  (VIOLATED: increase signficant digits)
   reg1/r1/n65                  0.00           0.00           0.00  (VIOLATED: increase signficant digits)
   reg1/r1/n66                  0.00           0.00           0.00  (VIOLATED: increase signficant digits)
   reg1/r1/n67                  0.00           0.00           0.00  (VIOLATED: increase signficant digits)
   reg1/r1/n68                  0.00           0.00           0.00  (VIOLATED: increase signficant digits)
   reg1/r1/n69                  0.00           0.00           0.00  (VIOLATED: increase signficant digits)
   reg1/r2/n53                  0.00           0.00           0.00  (VIOLATED: increase signficant digits)
   reg1/r2/n54                  0.00           0.00           0.00  (VIOLATED: increase signficant digits)
   reg1/r2/n55                  0.00           0.00           0.00  (VIOLATED: increase signficant digits)
   reg1/r2/n56                  0.00           0.00           0.00  (VIOLATED: increase signficant digits)
   reg1/r2/n57                  0.00           0.00           0.00  (VIOLATED: increase signficant digits)
   reg1/r2/n58                  0.00           0.00           0.00  (VIOLATED: increase signficant digits)
   reg1/r2/n59                  0.00           0.00           0.00  (VIOLATED: increase signficant digits)
   reg1/r2/n60                  0.00           0.00           0.00  (VIOLATED: increase signficant digits)
   reg1/r2/n61                  0.00           0.00           0.00  (VIOLATED: increase signficant digits)
   reg1/r2/n62                  0.00           0.00           0.00  (VIOLATED: increase signficant digits)
   reg1/r2/n63                  0.00           0.00           0.00  (VIOLATED: increase signficant digits)
   reg1/r2/n64                  0.00           0.00           0.00  (VIOLATED: increase signficant digits)
   reg1/r2/n65                  0.00           0.00           0.00  (VIOLATED: increase signficant digits)
   reg1/r2/n66                  0.00           0.00           0.00  (VIOLATED: increase signficant digits)
   reg1/r2/n67                  0.00           0.00           0.00  (VIOLATED: increase signficant digits)
   reg1/r2/n68                  0.00           0.00           0.00  (VIOLATED: increase signficant digits)
   reg1/r3/n53                  0.00           0.00           0.00  (VIOLATED: increase signficant digits)
   reg1/r3/n54                  0.00           0.00           0.00  (VIOLATED: increase signficant digits)
   reg1/r3/n55                  0.00           0.00           0.00  (VIOLATED: increase signficant digits)
   reg1/r3/n56                  0.00           0.00           0.00  (VIOLATED: increase signficant digits)
   reg1/r3/n57                  0.00           0.00           0.00  (VIOLATED: increase signficant digits)
   reg1/r3/n58                  0.00           0.00           0.00  (VIOLATED: increase signficant digits)
   reg1/r3/n59                  0.00           0.00           0.00  (VIOLATED: increase signficant digits)
   reg1/r3/n60                  0.00           0.00           0.00  (VIOLATED: increase signficant digits)
   reg1/r3/n61                  0.00           0.00           0.00  (VIOLATED: increase signficant digits)
   reg1/r3/n62                  0.00           0.00           0.00  (VIOLATED: increase signficant digits)
   reg1/r3/n63                  0.00           0.00           0.00  (VIOLATED: increase signficant digits)
   reg1/r3/n64                  0.00           0.00           0.00  (VIOLATED: increase signficant digits)
   reg1/r3/n65                  0.00           0.00           0.00  (VIOLATED: increase signficant digits)
   reg1/r3/n66                  0.00           0.00           0.00  (VIOLATED: increase signficant digits)
   reg1/r3/n67                  0.00           0.00           0.00  (VIOLATED: increase signficant digits)
   reg1/r3/n68                  0.00           0.00           0.00  (VIOLATED: increase signficant digits)
   reg2/r0/n54                  0.00           0.00           0.00  (VIOLATED: increase signficant digits)
   reg2/r0/n55                  0.00           0.00           0.00  (VIOLATED: increase signficant digits)
   reg2/r0/n56                  0.00           0.00           0.00  (VIOLATED: increase signficant digits)
   reg2/r0/n57                  0.00           0.00           0.00  (VIOLATED: increase signficant digits)
   reg2/r0/n58                  0.00           0.00           0.00  (VIOLATED: increase signficant digits)
   reg2/r0/n59                  0.00           0.00           0.00  (VIOLATED: increase signficant digits)
   reg2/r0/n60                  0.00           0.00           0.00  (VIOLATED: increase signficant digits)
   reg2/r0/n61                  0.00           0.00           0.00  (VIOLATED: increase signficant digits)
   reg2/r0/n62                  0.00           0.00           0.00  (VIOLATED: increase signficant digits)
   reg2/r0/n63                  0.00           0.00           0.00  (VIOLATED: increase signficant digits)
   reg2/r0/n64                  0.00           0.00           0.00  (VIOLATED: increase signficant digits)
   reg2/r0/n65                  0.00           0.00           0.00  (VIOLATED: increase signficant digits)
   reg2/r0/n66                  0.00           0.00           0.00  (VIOLATED: increase signficant digits)
   reg2/r0/n67                  0.00           0.00           0.00  (VIOLATED: increase signficant digits)
   reg2/r0/n68                  0.00           0.00           0.00  (VIOLATED: increase signficant digits)
   reg2/r0/n69                  0.00           0.00           0.00  (VIOLATED: increase signficant digits)
   reg2/r1/n54                  0.00           0.00           0.00  (VIOLATED: increase signficant digits)
   reg2/r1/n55                  0.00           0.00           0.00  (VIOLATED: increase signficant digits)
   reg2/r1/n56                  0.00           0.00           0.00  (VIOLATED: increase signficant digits)
   reg2/r1/n57                  0.00           0.00           0.00  (VIOLATED: increase signficant digits)
   reg2/r1/n58                  0.00           0.00           0.00  (VIOLATED: increase signficant digits)
   reg2/r1/n59                  0.00           0.00           0.00  (VIOLATED: increase signficant digits)
   reg2/r1/n60                  0.00           0.00           0.00  (VIOLATED: increase signficant digits)
   reg2/r1/n61                  0.00           0.00           0.00  (VIOLATED: increase signficant digits)
   reg2/r1/n62                  0.00           0.00           0.00  (VIOLATED: increase signficant digits)
   reg2/r1/n63                  0.00           0.00           0.00  (VIOLATED: increase signficant digits)
   reg2/r1/n64                  0.00           0.00           0.00  (VIOLATED: increase signficant digits)
   reg2/r1/n65                  0.00           0.00           0.00  (VIOLATED: increase signficant digits)
   reg2/r1/n66                  0.00           0.00           0.00  (VIOLATED: increase signficant digits)
   reg2/r1/n67                  0.00           0.00           0.00  (VIOLATED: increase signficant digits)
   reg2/r1/n68                  0.00           0.00           0.00  (VIOLATED: increase signficant digits)
   reg2/r1/n69                  0.00           0.00           0.00  (VIOLATED: increase signficant digits)
   reg2/r2/n53                  0.00           0.00           0.00  (VIOLATED: increase signficant digits)
   reg2/r2/n54                  0.00           0.00           0.00  (VIOLATED: increase signficant digits)
   reg2/r2/n55                  0.00           0.00           0.00  (VIOLATED: increase signficant digits)
   reg2/r2/n56                  0.00           0.00           0.00  (VIOLATED: increase signficant digits)
   reg2/r2/n57                  0.00           0.00           0.00  (VIOLATED: increase signficant digits)
   reg2/r2/n58                  0.00           0.00           0.00  (VIOLATED: increase signficant digits)
   reg2/r2/n59                  0.00           0.00           0.00  (VIOLATED: increase signficant digits)
   reg2/r2/n60                  0.00           0.00           0.00  (VIOLATED: increase signficant digits)
   reg2/r2/n61                  0.00           0.00           0.00  (VIOLATED: increase signficant digits)
   reg2/r2/n62                  0.00           0.00           0.00  (VIOLATED: increase signficant digits)
   reg2/r2/n63                  0.00           0.00           0.00  (VIOLATED: increase signficant digits)
   reg2/r2/n64                  0.00           0.00           0.00  (VIOLATED: increase signficant digits)
   reg2/r2/n65                  0.00           0.00           0.00  (VIOLATED: increase signficant digits)
   reg2/r2/n66                  0.00           0.00           0.00  (VIOLATED: increase signficant digits)
   reg2/r2/n67                  0.00           0.00           0.00  (VIOLATED: increase signficant digits)
   reg2/r2/n68                  0.00           0.00           0.00  (VIOLATED: increase signficant digits)
   reg2/r3/n53                  0.00           0.00           0.00  (VIOLATED: increase signficant digits)
   reg2/r3/n54                  0.00           0.00           0.00  (VIOLATED: increase signficant digits)
   reg2/r3/n55                  0.00           0.00           0.00  (VIOLATED: increase signficant digits)
   reg2/r3/n56                  0.00           0.00           0.00  (VIOLATED: increase signficant digits)
   reg2/r3/n57                  0.00           0.00           0.00  (VIOLATED: increase signficant digits)
   reg2/r3/n58                  0.00           0.00           0.00  (VIOLATED: increase signficant digits)
   reg2/r3/n59                  0.00           0.00           0.00  (VIOLATED: increase signficant digits)
   reg2/r3/n60                  0.00           0.00           0.00  (VIOLATED: increase signficant digits)
   reg2/r3/n61                  0.00           0.00           0.00  (VIOLATED: increase signficant digits)
   reg2/r3/n62                  0.00           0.00           0.00  (VIOLATED: increase signficant digits)
   reg2/r3/n63                  0.00           0.00           0.00  (VIOLATED: increase signficant digits)
   reg2/r3/n64                  0.00           0.00           0.00  (VIOLATED: increase signficant digits)
   reg2/r3/n65                  0.00           0.00           0.00  (VIOLATED: increase signficant digits)
   reg2/r3/n66                  0.00           0.00           0.00  (VIOLATED: increase signficant digits)
   reg2/r3/n67                  0.00           0.00           0.00  (VIOLATED: increase signficant digits)
   reg2/r3/n68                  0.00           0.00           0.00  (VIOLATED: increase signficant digits)
   reg3/r0/n54                  0.00           0.00           0.00  (VIOLATED: increase signficant digits)
   reg3/r0/n55                  0.00           0.00           0.00  (VIOLATED: increase signficant digits)
   reg3/r0/n56                  0.00           0.00           0.00  (VIOLATED: increase signficant digits)
   reg3/r0/n57                  0.00           0.00           0.00  (VIOLATED: increase signficant digits)
   reg3/r0/n58                  0.00           0.00           0.00  (VIOLATED: increase signficant digits)
   reg3/r0/n59                  0.00           0.00           0.00  (VIOLATED: increase signficant digits)
   reg3/r0/n60                  0.00           0.00           0.00  (VIOLATED: increase signficant digits)
   reg3/r0/n61                  0.00           0.00           0.00  (VIOLATED: increase signficant digits)
   reg3/r0/n62                  0.00           0.00           0.00  (VIOLATED: increase signficant digits)
   reg3/r0/n63                  0.00           0.00           0.00  (VIOLATED: increase signficant digits)
   reg3/r0/n64                  0.00           0.00           0.00  (VIOLATED: increase signficant digits)
   reg3/r0/n65                  0.00           0.00           0.00  (VIOLATED: increase signficant digits)
   reg3/r0/n66                  0.00           0.00           0.00  (VIOLATED: increase signficant digits)
   reg3/r0/n67                  0.00           0.00           0.00  (VIOLATED: increase signficant digits)
   reg3/r0/n68                  0.00           0.00           0.00  (VIOLATED: increase signficant digits)
   reg3/r0/n69                  0.00           0.00           0.00  (VIOLATED: increase signficant digits)
   reg3/r1/n53                  0.00           0.00           0.00  (VIOLATED: increase signficant digits)
   reg3/r1/n54                  0.00           0.00           0.00  (VIOLATED: increase signficant digits)
   reg3/r1/n55                  0.00           0.00           0.00  (VIOLATED: increase signficant digits)
   reg3/r1/n56                  0.00           0.00           0.00  (VIOLATED: increase signficant digits)
   reg3/r1/n57                  0.00           0.00           0.00  (VIOLATED: increase signficant digits)
   reg3/r1/n58                  0.00           0.00           0.00  (VIOLATED: increase signficant digits)
   reg3/r1/n59                  0.00           0.00           0.00  (VIOLATED: increase signficant digits)
   reg3/r1/n60                  0.00           0.00           0.00  (VIOLATED: increase signficant digits)
   reg3/r1/n61                  0.00           0.00           0.00  (VIOLATED: increase signficant digits)
   reg3/r1/n62                  0.00           0.00           0.00  (VIOLATED: increase signficant digits)
   reg3/r1/n63                  0.00           0.00           0.00  (VIOLATED: increase signficant digits)
   reg3/r1/n64                  0.00           0.00           0.00  (VIOLATED: increase signficant digits)
   reg3/r1/n65                  0.00           0.00           0.00  (VIOLATED: increase signficant digits)
   reg3/r1/n66                  0.00           0.00           0.00  (VIOLATED: increase signficant digits)
   reg3/r1/n67                  0.00           0.00           0.00  (VIOLATED: increase signficant digits)
   reg3/r1/n68                  0.00           0.00           0.00  (VIOLATED: increase signficant digits)
   reg3/r2/n53                  0.00           0.00           0.00  (VIOLATED: increase signficant digits)
   reg3/r2/n54                  0.00           0.00           0.00  (VIOLATED: increase signficant digits)
   reg3/r2/n55                  0.00           0.00           0.00  (VIOLATED: increase signficant digits)
   reg3/r2/n56                  0.00           0.00           0.00  (VIOLATED: increase signficant digits)
   reg3/r2/n57                  0.00           0.00           0.00  (VIOLATED: increase signficant digits)
   reg3/r2/n58                  0.00           0.00           0.00  (VIOLATED: increase signficant digits)
   reg3/r2/n59                  0.00           0.00           0.00  (VIOLATED: increase signficant digits)
   reg3/r2/n60                  0.00           0.00           0.00  (VIOLATED: increase signficant digits)
   reg3/r2/n61                  0.00           0.00           0.00  (VIOLATED: increase signficant digits)
   reg3/r2/n62                  0.00           0.00           0.00  (VIOLATED: increase signficant digits)
   reg3/r2/n63                  0.00           0.00           0.00  (VIOLATED: increase signficant digits)
   reg3/r2/n64                  0.00           0.00           0.00  (VIOLATED: increase signficant digits)
   reg3/r2/n65                  0.00           0.00           0.00  (VIOLATED: increase signficant digits)
   reg3/r2/n66                  0.00           0.00           0.00  (VIOLATED: increase signficant digits)
   reg3/r2/n67                  0.00           0.00           0.00  (VIOLATED: increase signficant digits)
   reg3/r2/n68                  0.00           0.00           0.00  (VIOLATED: increase signficant digits)
   reg3/r3/n53                  0.00           0.00           0.00  (VIOLATED: increase signficant digits)
   reg3/r3/n54                  0.00           0.00           0.00  (VIOLATED: increase signficant digits)
   reg3/r3/n55                  0.00           0.00           0.00  (VIOLATED: increase signficant digits)
   reg3/r3/n56                  0.00           0.00           0.00  (VIOLATED: increase signficant digits)
   reg3/r3/n57                  0.00           0.00           0.00  (VIOLATED: increase signficant digits)
   reg3/r3/n58                  0.00           0.00           0.00  (VIOLATED: increase signficant digits)
   reg3/r3/n59                  0.00           0.00           0.00  (VIOLATED: increase signficant digits)
   reg3/r3/n60                  0.00           0.00           0.00  (VIOLATED: increase signficant digits)
   reg3/r3/n61                  0.00           0.00           0.00  (VIOLATED: increase signficant digits)
   reg3/r3/n62                  0.00           0.00           0.00  (VIOLATED: increase signficant digits)
   reg3/r3/n63                  0.00           0.00           0.00  (VIOLATED: increase signficant digits)
   reg3/r3/n64                  0.00           0.00           0.00  (VIOLATED: increase signficant digits)
   reg3/r3/n65                  0.00           0.00           0.00  (VIOLATED: increase signficant digits)
   reg3/r3/n66                  0.00           0.00           0.00  (VIOLATED: increase signficant digits)
   reg3/r3/n67                  0.00           0.00           0.00  (VIOLATED: increase signficant digits)
   reg3/r3/n68                  0.00           0.00           0.00  (VIOLATED: increase signficant digits)


1
set filename [format "%s%s"  $my_toplevel ".syn.v"]
fifo.syn.v
write -hierarchy -f verilog $my_toplevel -output synth/$filename
Writing verilog file '/afs/cs.wisc.edu/u/w/e/wenxuan/private/552/hw4/hw4_2/synth/fifo.syn.v'.
Warning: Bus naming style currently specified as %s<%d>, verilog syntax requires bus naming style to be "[]".  (VO-13)
Warning: Verilog 'assign' or 'tran' statements are written out. (VO-4)
1
set filename [format "%s%s"  $my_toplevel ".ddc"]
fifo.ddc
write -hierarchy -format ddc -output synth/$filename
Writing ddc file 'synth/fifo.ddc'.
1
report_reference > synth/reference_report.txt
report_area > synth/area_report.txt
report_cell > synth/cell_report.txt
report_timing -max_paths 20 > synth/timing_report.txt
report_power > synth/power_report.txt
quit

Thank you...
